<?xml version="1.0" encoding="UTF-8"?>
<testng-results skipped="0" failed="0" total="1" passed="1">
  <reporter-output>
    <line>
      <![CDATA[before suit]]>
    </line>
    <line>
      <![CDATA[before test]]>
    </line>
    <line>
      <![CDATA[before class]]>
    </line>
    <line>
      <![CDATA[before mthod]]>
    </line>
    <line>
      <![CDATA[hello]]>
    </line>
    <line>
      <![CDATA[after method]]>
    </line>
    <line>
      <![CDATA[after class]]>
    </line>
    <line>
      <![CDATA[after test]]>
    </line>
    <line>
      <![CDATA[after suit]]>
    </line>
  </reporter-output>
  <suite name="Default suite" duration-ms="12438" started-at="2021-06-25T15:28:56Z" finished-at="2021-06-25T15:29:08Z">
    <groups>
    </groups>
    <test name="Default test" duration-ms="12438" started-at="2021-06-25T15:28:56Z" finished-at="2021-06-25T15:29:08Z">
      <class name="VtigerUsingTestN.TC1">
        <test-method status="PASS" signature="beforesuit1()[pri:0, instance:VtigerUsingTestN.TC1@1888ff2c]" name="beforesuit1" is-config="true" duration-ms="10" started-at="2021-06-25T20:58:56Z" finished-at="2021-06-25T20:58:56Z">
          <reporter-output>
            <line>
              <![CDATA[before suit]]>
            </line>
          </reporter-output>
        </test-method> <!-- beforesuit1 -->
        <test-method status="PASS" signature="beforetest()[pri:0, instance:VtigerUsingTestN.TC1@1888ff2c]" name="beforetest" is-config="true" duration-ms="2" started-at="2021-06-25T20:58:56Z" finished-at="2021-06-25T20:58:56Z">
          <reporter-output>
            <line>
              <![CDATA[before test]]>
            </line>
          </reporter-output>
        </test-method> <!-- beforetest -->
        <test-method status="PASS" signature="Beforesuit()[pri:0, instance:VtigerUsingTestN.TC1@1888ff2c]" name="Beforesuit" is-config="true" duration-ms="2491" started-at="2021-06-25T20:58:56Z" finished-at="2021-06-25T20:58:58Z">
          <reporter-output>
            <line>
              <![CDATA[before class]]>
            </line>
          </reporter-output>
        </test-method> <!-- Beforesuit -->
        <test-method status="PASS" signature="beforemethod()[pri:0, instance:VtigerUsingTestN.TC1@1888ff2c]" name="beforemethod" is-config="true" duration-ms="8192" started-at="2021-06-25T20:58:58Z" finished-at="2021-06-25T20:59:06Z">
          <reporter-output>
            <line>
              <![CDATA[before mthod]]>
            </line>
          </reporter-output>
        </test-method> <!-- beforemethod -->
        <test-method status="PASS" signature="demo()[pri:0, instance:VtigerUsingTestN.TC1@1888ff2c]" name="demo" duration-ms="8" started-at="2021-06-25T20:59:06Z" finished-at="2021-06-25T20:59:06Z">
          <reporter-output>
            <line>
              <![CDATA[hello]]>
            </line>
          </reporter-output>
        </test-method> <!-- demo -->
        <test-method status="PASS" signature="Aftermethod()[pri:0, instance:VtigerUsingTestN.TC1@1888ff2c]" name="Aftermethod" is-config="true" duration-ms="1730" started-at="2021-06-25T20:59:06Z" finished-at="2021-06-25T20:59:08Z">
          <reporter-output>
            <line>
              <![CDATA[after method]]>
            </line>
          </reporter-output>
        </test-method> <!-- Aftermethod -->
        <test-method status="PASS" signature="afterclass()[pri:0, instance:VtigerUsingTestN.TC1@1888ff2c]" name="afterclass" is-config="true" duration-ms="0" started-at="2021-06-25T20:59:08Z" finished-at="2021-06-25T20:59:08Z">
          <reporter-output>
            <line>
              <![CDATA[after class]]>
            </line>
          </reporter-output>
        </test-method> <!-- afterclass -->
        <test-method status="PASS" signature="aftersuit()[pri:0, instance:VtigerUsingTestN.TC1@1888ff2c]" name="aftersuit" is-config="true" duration-ms="0" started-at="2021-06-25T20:59:08Z" finished-at="2021-06-25T20:59:08Z">
          <reporter-output>
            <line>
              <![CDATA[after test]]>
            </line>
          </reporter-output>
        </test-method> <!-- aftersuit -->
        <test-method status="PASS" signature="aftersuit1()[pri:0, instance:VtigerUsingTestN.TC1@1888ff2c]" name="aftersuit1" is-config="true" duration-ms="0" started-at="2021-06-25T20:59:08Z" finished-at="2021-06-25T20:59:08Z">
          <reporter-output>
            <line>
              <![CDATA[after suit]]>
            </line>
          </reporter-output>
        </test-method> <!-- aftersuit1 -->
      </class> <!-- VtigerUsingTestN.TC1 -->
    </test> <!-- Default test -->
  </suite> <!-- Default suite -->
</testng-results>
